h:\documents\visual studio 2013\projects\cargame\cargame\debug\vc120.pdb
h:\documents\visual studio 2013\projects\cargame\cargame\debug\vc120.idb
h:\documents\visual studio 2013\projects\cargame\cargame\debug\main.obj
h:\documents\visual studio 2013\projects\cargame\cargame\debug\barrier.obj
h:\documents\visual studio 2013\projects\cargame\cargame\debug\collisions.obj
h:\documents\visual studio 2013\projects\cargame\cargame\debug\hud.obj
h:\documents\visual studio 2013\projects\cargame\cargame\debug\lap.obj
h:\documents\visual studio 2013\projects\cargame\cargame\debug\playercar.obj
h:\documents\visual studio 2013\projects\cargame\cargame\debug\trackbackground.obj
h:\documents\visual studio 2013\projects\cargame\debug\cargame.pdb
h:\documents\visual studio 2013\projects\cargame\cargame\debug\cargame.tlog\cl.command.1.tlog
h:\documents\visual studio 2013\projects\cargame\cargame\debug\cargame.tlog\cl.read.1.tlog
h:\documents\visual studio 2013\projects\cargame\cargame\debug\cargame.tlog\cl.write.1.tlog
h:\documents\visual studio 2013\projects\cargame\cargame\debug\cargame.tlog\link.command.1.tlog
h:\documents\visual studio 2013\projects\cargame\cargame\debug\cargame.tlog\link.read.1.tlog
h:\documents\visual studio 2013\projects\cargame\cargame\debug\cargame.tlog\link.write.1.tlog
h:\documents\visual studio 2013\projects\cargame\cargame\debug\cargame.tlog\link.4400-rc.read.1.tlog
h:\documents\visual studio 2013\projects\cargame\cargame\debug\cargame.tlog\link.4400-rc.write.1.tlog
h:\documents\visual studio 2013\projects\cargame\cargame\debug\cargame.tlog\link.4400-cvtres.read.1.tlog
h:\documents\visual studio 2013\projects\cargame\cargame\debug\cargame.tlog\link.4400-cvtres.write.1.tlog
h:\documents\visual studio 2013\projects\cargame\cargame\debug\cargame.tlog\link.4400.read.1.tlog
h:\documents\visual studio 2013\projects\cargame\cargame\debug\cargame.tlog\link.4400.write.1.tlog
h:\documents\visual studio 2013\projects\cargame\cargame\debug\cargame.tlog\link-rc.read.1.tlog
h:\documents\visual studio 2013\projects\cargame\cargame\debug\cargame.tlog\link-rc.write.1.tlog
h:\documents\visual studio 2013\projects\cargame\cargame\debug\cargame.tlog\link-cvtres.read.1.tlog
h:\documents\visual studio 2013\projects\cargame\cargame\debug\cargame.tlog\link-cvtres.write.1.tlog
